{"/home/carl/dev/labs/reef-payment-api/functions/config/firebase.js": {"path":"/home/carl/dev/labs/reef-payment-api/functions/config/firebase.js","statementMap":{"0":{"start":{"line":1,"column":14},"end":{"line":1,"column":39}},"1":{"start":{"line":3,"column":14},"end":{"line":3,"column":51}},"2":{"start":{"line":5,"column":0},"end":{"line":8,"column":3}},"3":{"start":{"line":10,"column":11},"end":{"line":10,"column":27}},"4":{"start":{"line":11,"column":13},"end":{"line":11,"column":25}},"5":{"start":{"line":12,"column":15},"end":{"line":14,"column":1}},"6":{"start":{"line":16,"column":0},"end":{"line":16,"column":38}}},"fnMap":{},"branchMap":{"0":{"loc":{"start":{"line":13,"column":11},"end":{"line":13,"column":79}},"type":"cond-expr","locations":[{"start":{"line":13,"column":19},"end":{"line":13,"column":42}},{"start":{"line":13,"column":45},"end":{"line":13,"column":79}}],"line":13}},"s":{"0":1,"1":1,"2":1,"3":1,"4":1,"5":1,"6":1},"f":{},"b":{"0":[1,0]},"_coverageSchema":"1a1c01bbd47fc00a2c39e90264f33305004495a9","hash":"87bc561df8f2e8ef94ca5aaceb88566409384030"}
,"/home/carl/dev/labs/reef-payment-api/functions/helpers/auth.js": {"path":"/home/carl/dev/labs/reef-payment-api/functions/helpers/auth.js","statementMap":{"0":{"start":{"line":1,"column":21},"end":{"line":1,"column":50}},"1":{"start":{"line":5,"column":2},"end":{"line":11,"column":3}},"2":{"start":{"line":6,"column":18},"end":{"line":6,"column":71}},"3":{"start":{"line":7,"column":4},"end":{"line":7,"column":47}},"4":{"start":{"line":8,"column":4},"end":{"line":8,"column":11}},"5":{"start":{"line":10,"column":4},"end":{"line":10,"column":16}},"6":{"start":{"line":15,"column":2},"end":{"line":31,"column":3}},"7":{"start":{"line":17,"column":4},"end":{"line":17,"column":37}},"8":{"start":{"line":18,"column":18},"end":{"line":18,"column":71}},"9":{"start":{"line":19,"column":16},"end":{"line":22,"column":33}},"10":{"start":{"line":22,"column":22},"end":{"line":22,"column":32}},"11":{"start":{"line":24,"column":4},"end":{"line":24,"column":52}},"12":{"start":{"line":25,"column":4},"end":{"line":27,"column":5}},"13":{"start":{"line":26,"column":6},"end":{"line":26,"column":64}},"14":{"start":{"line":28,"column":4},"end":{"line":28,"column":11}},"15":{"start":{"line":30,"column":4},"end":{"line":30,"column":16}},"16":{"start":{"line":34,"column":0},"end":{"line":34,"column":54}}},"fnMap":{"0":{"name":"authMiddleware","decl":{"start":{"line":4,"column":15},"end":{"line":4,"column":29}},"loc":{"start":{"line":4,"column":46},"end":{"line":12,"column":1}},"line":4},"1":{"name":"apiKeyMiddleware","decl":{"start":{"line":14,"column":15},"end":{"line":14,"column":31}},"loc":{"start":{"line":14,"column":48},"end":{"line":32,"column":1}},"line":14},"2":{"name":"(anonymous_2)","decl":{"start":{"line":22,"column":12},"end":{"line":22,"column":13}},"loc":{"start":{"line":22,"column":22},"end":{"line":22,"column":32}},"line":22}},"branchMap":{"0":{"loc":{"start":{"line":6,"column":19},"end":{"line":6,"column":50}},"type":"binary-expr","locations":[{"start":{"line":6,"column":19},"end":{"line":6,"column":44}},{"start":{"line":6,"column":48},"end":{"line":6,"column":50}}],"line":6},"1":{"loc":{"start":{"line":18,"column":19},"end":{"line":18,"column":50}},"type":"binary-expr","locations":[{"start":{"line":18,"column":19},"end":{"line":18,"column":44}},{"start":{"line":18,"column":48},"end":{"line":18,"column":50}}],"line":18},"2":{"loc":{"start":{"line":25,"column":4},"end":{"line":27,"column":5}},"type":"if","locations":[{"start":{"line":25,"column":4},"end":{"line":27,"column":5}},{"start":{},"end":{}}],"line":25}},"s":{"0":1,"1":0,"2":0,"3":0,"4":0,"5":0,"6":1,"7":1,"8":1,"9":1,"10":1,"11":1,"12":1,"13":0,"14":1,"15":0,"16":1},"f":{"0":0,"1":1,"2":1},"b":{"0":[0,0],"1":[1,0],"2":[0,1]},"_coverageSchema":"1a1c01bbd47fc00a2c39e90264f33305004495a9","hash":"fee91f592f7ae4a9afcecdc6257eb9b9e4885826"}
,"/home/carl/dev/labs/reef-payment-api/functions/helpers/reef.js": {"path":"/home/carl/dev/labs/reef-payment-api/functions/helpers/reef.js","statementMap":{"0":{"start":{"line":1,"column":20},"end":{"line":1,"column":44}},"1":{"start":{"line":2,"column":29},"end":{"line":2,"column":61}},"2":{"start":{"line":4,"column":0},"end":{"line":10,"column":2}},"3":{"start":{"line":5,"column":18},"end":{"line":5,"column":50}},"4":{"start":{"line":6,"column":19},"end":{"line":6,"column":37}},"5":{"start":{"line":7,"column":17},"end":{"line":7,"column":50}},"6":{"start":{"line":9,"column":2},"end":{"line":9,"column":30}}},"fnMap":{"0":{"name":"createWallet","decl":{"start":{"line":4,"column":26},"end":{"line":4,"column":38}},"loc":{"start":{"line":4,"column":41},"end":{"line":10,"column":1}},"line":4}},"branchMap":{},"s":{"0":1,"1":1,"2":1,"3":1,"4":1,"5":1,"6":1},"f":{"0":1},"b":{},"_coverageSchema":"1a1c01bbd47fc00a2c39e90264f33305004495a9","hash":"917cddf6c5d763473722b6fdff49a454254c79f9"}
,"/home/carl/dev/labs/reef-payment-api/functions/routes/checkout.js": {"path":"/home/carl/dev/labs/reef-payment-api/functions/routes/checkout.js","statementMap":{"0":{"start":{"line":1,"column":26},"end":{"line":1,"column":59}},"1":{"start":{"line":3,"column":19},"end":{"line":3,"column":48}},"2":{"start":{"line":4,"column":45},"end":{"line":4,"column":71}},"3":{"start":{"line":8,"column":21},"end":{"line":8,"column":47}},"4":{"start":{"line":10,"column":16},"end":{"line":10,"column":34}},"5":{"start":{"line":10,"column":28},"end":{"line":10,"column":34}},"6":{"start":{"line":11,"column":16},"end":{"line":11,"column":34}},"7":{"start":{"line":11,"column":28},"end":{"line":11,"column":34}},"8":{"start":{"line":15,"column":2},"end":{"line":15,"column":66}},"9":{"start":{"line":16,"column":2},"end":{"line":32,"column":5}},"10":{"start":{"line":17,"column":18},"end":{"line":31,"column":5}},"11":{"start":{"line":20,"column":24},"end":{"line":20,"column":39}},"12":{"start":{"line":21,"column":8},"end":{"line":21,"column":49}},"13":{"start":{"line":22,"column":8},"end":{"line":22,"column":75}},"14":{"start":{"line":23,"column":8},"end":{"line":29,"column":9}},"15":{"start":{"line":24,"column":10},"end":{"line":24,"column":18}},"16":{"start":{"line":25,"column":10},"end":{"line":25,"column":27}},"17":{"start":{"line":27,"column":10},"end":{"line":27,"column":62}},"18":{"start":{"line":28,"column":10},"end":{"line":28,"column":55}},"19":{"start":{"line":37,"column":2},"end":{"line":49,"column":5}},"20":{"start":{"line":38,"column":4},"end":{"line":38,"column":79}},"21":{"start":{"line":39,"column":18},"end":{"line":48,"column":8}},"22":{"start":{"line":42,"column":8},"end":{"line":42,"column":58}},"23":{"start":{"line":43,"column":8},"end":{"line":47,"column":9}},"24":{"start":{"line":44,"column":10},"end":{"line":44,"column":77}},"25":{"start":{"line":45,"column":10},"end":{"line":45,"column":26}},"26":{"start":{"line":46,"column":10},"end":{"line":46,"column":18}},"27":{"start":{"line":52,"column":0},"end":{"line":142,"column":2}},"28":{"start":{"line":53,"column":2},"end":{"line":124,"column":4}},"29":{"start":{"line":68,"column":6},"end":{"line":122,"column":7}},"30":{"start":{"line":69,"column":71},"end":{"line":69,"column":79}},"31":{"start":{"line":70,"column":8},"end":{"line":70,"column":53}},"32":{"start":{"line":71,"column":8},"end":{"line":71,"column":56}},"33":{"start":{"line":72,"column":24},"end":{"line":72,"column":45}},"34":{"start":{"line":73,"column":8},"end":{"line":73,"column":48}},"35":{"start":{"line":75,"column":37},"end":{"line":75,"column":51}},"36":{"start":{"line":77,"column":8},"end":{"line":77,"column":53}},"37":{"start":{"line":78,"column":8},"end":{"line":80,"column":68}},"38":{"start":{"line":82,"column":8},"end":{"line":84,"column":52}},"39":{"start":{"line":87,"column":8},"end":{"line":87,"column":56}},"40":{"start":{"line":88,"column":23},"end":{"line":88,"column":76}},"41":{"start":{"line":89,"column":28},"end":{"line":89,"column":189}},"42":{"start":{"line":90,"column":8},"end":{"line":90,"column":46}},"43":{"start":{"line":92,"column":32},"end":{"line":96,"column":9}},"44":{"start":{"line":98,"column":8},"end":{"line":98,"column":47}},"45":{"start":{"line":99,"column":31},"end":{"line":101,"column":30}},"46":{"start":{"line":103,"column":20},"end":{"line":103,"column":41}},"47":{"start":{"line":104,"column":8},"end":{"line":104,"column":33}},"48":{"start":{"line":106,"column":22},"end":{"line":111,"column":9}},"49":{"start":{"line":113,"column":8},"end":{"line":116,"column":11}},"50":{"start":{"line":118,"column":8},"end":{"line":118,"column":32}},"51":{"start":{"line":120,"column":8},"end":{"line":120,"column":27}},"52":{"start":{"line":121,"column":8},"end":{"line":121,"column":36}},"53":{"start":{"line":126,"column":2},"end":{"line":139,"column":5}},"54":{"start":{"line":127,"column":4},"end":{"line":138,"column":5}},"55":{"start":{"line":128,"column":22},"end":{"line":131,"column":35}},"56":{"start":{"line":131,"column":24},"end":{"line":131,"column":34}},"57":{"start":{"line":132,"column":6},"end":{"line":132,"column":30}},"58":{"start":{"line":134,"column":6},"end":{"line":134,"column":24}},"59":{"start":{"line":136,"column":6},"end":{"line":136,"column":25}},"60":{"start":{"line":137,"column":6},"end":{"line":137,"column":34}},"61":{"start":{"line":141,"column":2},"end":{"line":141,"column":13}}},"fnMap":{"0":{"name":"(anonymous_0)","decl":{"start":{"line":10,"column":16},"end":{"line":10,"column":17}},"loc":{"start":{"line":10,"column":28},"end":{"line":10,"column":34}},"line":10},"1":{"name":"(anonymous_1)","decl":{"start":{"line":11,"column":16},"end":{"line":11,"column":17}},"loc":{"start":{"line":11,"column":28},"end":{"line":11,"column":34}},"line":11},"2":{"name":"waitForFunds","decl":{"start":{"line":14,"column":15},"end":{"line":14,"column":27}},"loc":{"start":{"line":14,"column":50},"end":{"line":33,"column":1}},"line":14},"3":{"name":"(anonymous_3)","decl":{"start":{"line":16,"column":21},"end":{"line":16,"column":22}},"loc":{"start":{"line":16,"column":48},"end":{"line":32,"column":3}},"line":16},"4":{"name":"(anonymous_4)","decl":{"start":{"line":19,"column":6},"end":{"line":19,"column":7}},"loc":{"start":{"line":19,"column":36},"end":{"line":30,"column":7}},"line":19},"5":{"name":"payWallet","decl":{"start":{"line":36,"column":15},"end":{"line":36,"column":24}},"loc":{"start":{"line":36,"column":55},"end":{"line":50,"column":1}},"line":36},"6":{"name":"(anonymous_6)","decl":{"start":{"line":37,"column":21},"end":{"line":37,"column":22}},"loc":{"start":{"line":37,"column":48},"end":{"line":49,"column":3}},"line":37},"7":{"name":"(anonymous_7)","decl":{"start":{"line":41,"column":27},"end":{"line":41,"column":28}},"loc":{"start":{"line":41,"column":45},"end":{"line":48,"column":7}},"line":41},"8":{"name":"(anonymous_8)","decl":{"start":{"line":52,"column":17},"end":{"line":52,"column":18}},"loc":{"start":{"line":52,"column":49},"end":{"line":142,"column":1}},"line":52},"9":{"name":"(anonymous_9)","decl":{"start":{"line":67,"column":4},"end":{"line":67,"column":5}},"loc":{"start":{"line":67,"column":24},"end":{"line":123,"column":5}},"line":67},"10":{"name":"(anonymous_10)","decl":{"start":{"line":126,"column":52},"end":{"line":126,"column":53}},"loc":{"start":{"line":126,"column":72},"end":{"line":139,"column":3}},"line":126},"11":{"name":"(anonymous_11)","decl":{"start":{"line":131,"column":14},"end":{"line":131,"column":15}},"loc":{"start":{"line":131,"column":24},"end":{"line":131,"column":34}},"line":131}},"branchMap":{"0":{"loc":{"start":{"line":23,"column":8},"end":{"line":29,"column":9}},"type":"if","locations":[{"start":{"line":23,"column":8},"end":{"line":29,"column":9}},{"start":{"line":26,"column":15},"end":{"line":29,"column":9}}],"line":23},"1":{"loc":{"start":{"line":43,"column":8},"end":{"line":47,"column":9}},"type":"if","locations":[{"start":{"line":43,"column":8},"end":{"line":47,"column":9}},{"start":{},"end":{}}],"line":43},"2":{"loc":{"start":{"line":88,"column":24},"end":{"line":88,"column":55}},"type":"binary-expr","locations":[{"start":{"line":88,"column":24},"end":{"line":88,"column":49}},{"start":{"line":88,"column":53},"end":{"line":88,"column":55}}],"line":88}},"s":{"0":1,"1":1,"2":1,"3":1,"4":1,"5":0,"6":1,"7":0,"8":0,"9":0,"10":0,"11":0,"12":0,"13":0,"14":0,"15":0,"16":0,"17":0,"18":0,"19":0,"20":0,"21":0,"22":0,"23":0,"24":0,"25":0,"26":0,"27":1,"28":1,"29":1,"30":1,"31":1,"32":1,"33":1,"34":1,"35":1,"36":1,"37":1,"38":0,"39":0,"40":0,"41":0,"42":0,"43":0,"44":0,"45":0,"46":0,"47":0,"48":0,"49":0,"50":0,"51":1,"52":1,"53":1,"54":0,"55":0,"56":0,"57":0,"58":0,"59":0,"60":0,"61":1},"f":{"0":0,"1":0,"2":0,"3":0,"4":0,"5":0,"6":0,"7":0,"8":1,"9":1,"10":0,"11":0},"b":{"0":[0,0],"1":[0,0],"2":[0,0]},"_coverageSchema":"1a1c01bbd47fc00a2c39e90264f33305004495a9","hash":"93f1a5fc85c88706083b55dd19e1bd9eee51fb04"}
,"/home/carl/dev/labs/reef-payment-api/functions/routes/key.js": {"path":"/home/carl/dev/labs/reef-payment-api/functions/routes/key.js","statementMap":{"0":{"start":{"line":1,"column":15},"end":{"line":1,"column":32}},"1":{"start":{"line":2,"column":27},"end":{"line":2,"column":53}},"2":{"start":{"line":5,"column":2},"end":{"line":5,"column":48}},"3":{"start":{"line":14,"column":0},"end":{"line":44,"column":2}},"4":{"start":{"line":15,"column":2},"end":{"line":27,"column":5}},"5":{"start":{"line":16,"column":4},"end":{"line":16,"column":60}},"6":{"start":{"line":17,"column":4},"end":{"line":26,"column":5}},"7":{"start":{"line":18,"column":18},"end":{"line":18,"column":29}},"8":{"start":{"line":20,"column":6},"end":{"line":20,"column":58}},"9":{"start":{"line":21,"column":6},"end":{"line":21,"column":55}},"10":{"start":{"line":23,"column":6},"end":{"line":23,"column":36}},"11":{"start":{"line":25,"column":6},"end":{"line":25,"column":34}},"12":{"start":{"line":29,"column":2},"end":{"line":41,"column":5}},"13":{"start":{"line":30,"column":4},"end":{"line":30,"column":60}},"14":{"start":{"line":31,"column":4},"end":{"line":40,"column":5}},"15":{"start":{"line":32,"column":18},"end":{"line":35,"column":35}},"16":{"start":{"line":35,"column":24},"end":{"line":35,"column":34}},"17":{"start":{"line":37,"column":6},"end":{"line":37,"column":31}},"18":{"start":{"line":39,"column":6},"end":{"line":39,"column":34}},"19":{"start":{"line":43,"column":2},"end":{"line":43,"column":13}}},"fnMap":{"0":{"name":"createKey","decl":{"start":{"line":4,"column":9},"end":{"line":4,"column":18}},"loc":{"start":{"line":4,"column":21},"end":{"line":6,"column":1}},"line":4},"1":{"name":"(anonymous_1)","decl":{"start":{"line":14,"column":17},"end":{"line":14,"column":18}},"loc":{"start":{"line":14,"column":34},"end":{"line":44,"column":1}},"line":14},"2":{"name":"(anonymous_2)","decl":{"start":{"line":15,"column":35},"end":{"line":15,"column":36}},"loc":{"start":{"line":15,"column":55},"end":{"line":27,"column":3}},"line":15},"3":{"name":"(anonymous_3)","decl":{"start":{"line":29,"column":34},"end":{"line":29,"column":35}},"loc":{"start":{"line":29,"column":54},"end":{"line":41,"column":3}},"line":29},"4":{"name":"(anonymous_4)","decl":{"start":{"line":35,"column":14},"end":{"line":35,"column":15}},"loc":{"start":{"line":35,"column":24},"end":{"line":35,"column":34}},"line":35}},"branchMap":{},"s":{"0":1,"1":1,"2":0,"3":1,"4":0,"5":0,"6":0,"7":0,"8":0,"9":0,"10":0,"11":0,"12":0,"13":0,"14":0,"15":0,"16":0,"17":0,"18":0,"19":0},"f":{"0":0,"1":0,"2":0,"3":0,"4":0},"b":{},"_coverageSchema":"1a1c01bbd47fc00a2c39e90264f33305004495a9","hash":"04f9159044f5a6b994d8aa7bbadc552e1f9ba048"}
,"/home/carl/dev/labs/reef-payment-api/functions/routes/wallet.js": {"path":"/home/carl/dev/labs/reef-payment-api/functions/routes/wallet.js","statementMap":{"0":{"start":{"line":1,"column":27},"end":{"line":1,"column":53}},"1":{"start":{"line":8,"column":0},"end":{"line":40,"column":2}},"2":{"start":{"line":9,"column":2},"end":{"line":24,"column":5}},"3":{"start":{"line":10,"column":4},"end":{"line":23,"column":5}},"4":{"start":{"line":11,"column":25},"end":{"line":11,"column":39}},"5":{"start":{"line":12,"column":6},"end":{"line":12,"column":75}},"6":{"start":{"line":13,"column":6},"end":{"line":15,"column":7}},"7":{"start":{"line":14,"column":8},"end":{"line":14,"column":73}},"8":{"start":{"line":16,"column":6},"end":{"line":16,"column":64}},"9":{"start":{"line":18,"column":6},"end":{"line":18,"column":42}},"10":{"start":{"line":20,"column":6},"end":{"line":20,"column":39}},"11":{"start":{"line":22,"column":6},"end":{"line":22,"column":34}},"12":{"start":{"line":26,"column":2},"end":{"line":37,"column":5}},"13":{"start":{"line":27,"column":4},"end":{"line":36,"column":5}},"14":{"start":{"line":28,"column":6},"end":{"line":28,"column":68}},"15":{"start":{"line":29,"column":21},"end":{"line":31,"column":22}},"16":{"start":{"line":33,"column":6},"end":{"line":33,"column":48}},"17":{"start":{"line":35,"column":6},"end":{"line":35,"column":34}},"18":{"start":{"line":39,"column":2},"end":{"line":39,"column":13}}},"fnMap":{"0":{"name":"(anonymous_0)","decl":{"start":{"line":8,"column":17},"end":{"line":8,"column":18}},"loc":{"start":{"line":8,"column":34},"end":{"line":40,"column":1}},"line":8},"1":{"name":"(anonymous_1)","decl":{"start":{"line":9,"column":38},"end":{"line":9,"column":39}},"loc":{"start":{"line":9,"column":58},"end":{"line":24,"column":3}},"line":9},"2":{"name":"(anonymous_2)","decl":{"start":{"line":26,"column":37},"end":{"line":26,"column":38}},"loc":{"start":{"line":26,"column":57},"end":{"line":37,"column":3}},"line":26}},"branchMap":{"0":{"loc":{"start":{"line":11,"column":25},"end":{"line":11,"column":39}},"type":"binary-expr","locations":[{"start":{"line":11,"column":25},"end":{"line":11,"column":33}},{"start":{"line":11,"column":37},"end":{"line":11,"column":39}}],"line":11},"1":{"loc":{"start":{"line":13,"column":6},"end":{"line":15,"column":7}},"type":"if","locations":[{"start":{"line":13,"column":6},"end":{"line":15,"column":7}},{"start":{},"end":{}}],"line":13}},"s":{"0":1,"1":1,"2":0,"3":0,"4":0,"5":0,"6":0,"7":0,"8":0,"9":0,"10":0,"11":0,"12":0,"13":0,"14":0,"15":0,"16":0,"17":0,"18":0},"f":{"0":0,"1":0,"2":0},"b":{"0":[0,0],"1":[0,0]},"_coverageSchema":"1a1c01bbd47fc00a2c39e90264f33305004495a9","hash":"7f4ddc0bb1c2e9e476c0917d5b68548cff2c0a90"}
}
